
   INFO  Server running on [http://127.0.0.1:8001].  

  Press Ctrl+C to stop the server

  2026-03-27 14:58:44 ............................... ~ 1s
  2026-03-27 15:00:47 ............................... ~ 0s
  2026-03-27 15:00:47 ............................... ~ 0s
  2026-03-27 15:00:47 /css/login.css ................ ~ 0s
  2026-03-27 15:00:47 /css/LOGO_login.svg ........... ~ 0s
  2026-03-27 15:00:47 /css/FONDO_login.png .......... ~ 0s
  2026-03-27 15:00:48 /favicon.ico .................. ~ 0s
  2026-03-27 15:00:59 ............................... ~ 1s
  2026-03-27 15:01:00 ............................... ~ 0s
  2026-03-27 15:01:00 ............................... ~ 0s
  2026-03-27 15:01:00 /vendor/fontawesome-free/css/all.min.css  ~ 0s
  2026-03-27 15:01:00 /vendor/datatables/dataTables.bootstrap4.min.css  ~ 0s
  2026-03-27 15:01:00 /css/rrhh/responsive-improvements.css  ~ 0s
  2026-03-27 15:01:00 /BARRA_gob.svg ................ ~ 0s
  2026-03-27 15:01:00 /css/sb-admin-2.css ........... ~ 0s
  2026-03-27 15:01:00 /vendor/jquery/jquery.min.js .. ~ 0s
  2026-03-27 15:01:00 /vendor/bootstrap/js/bootstrap.bundle.min.js  ~ 0s
  2026-03-27 15:01:00 /vendor/jquery-easing/jquery.easing.min.js  ~ 0s
  2026-03-27 15:01:00 /js/sb-admin-2.min.js ......... ~ 0s
  2026-03-27 15:01:00 /js/notifications.js .......... ~ 0s
  2026-03-27 15:01:00 ............................... ~ 0s
  2026-03-27 15:01:00 /vendor/fontawesome-free/webfonts/fa-solid-900.woff2  ~ 0s
  2026-03-27 15:01:00 ............................... ~ 0s
  2026-03-27 15:01:00 /vendor/fontawesome-free/css/all.min.css  ~ 0s
  2026-03-27 15:01:00 /vendor/datatables/dataTables.bootstrap4.min.css  ~ 0s
  2026-03-27 15:01:00 /css/rrhh/responsive-improvements.css  ~ 0s
  2026-03-27 15:01:00 /BARRA_gob.svg ................ ~ 0s
  2026-03-27 15:01:00 /css/sb-admin-2.css ........... ~ 0s
  2026-03-27 15:01:00 /vendor/jquery/jquery.min.js .. ~ 0s
  2026-03-27 15:01:00 /vendor/bootstrap/js/bootstrap.bundle.min.js  ~ 0s
  2026-03-27 15:01:00 /vendor/jquery-easing/jquery.easing.min.js  ~ 0s
  2026-03-27 15:01:00 /js/sb-admin-2.min.js ......... ~ 0s
  2026-03-27 15:01:00 /js/notifications.js .......... ~ 0s
  2026-03-27 15:01:00 /vendor/fontawesome-free/webfonts/fa-solid-900.woff2  ~ 0s
  2026-03-27 15:01:00 ............................... ~ 1s
  2026-03-27 15:01:01 /favicon.ico .................. ~ 0s
  2026-03-27 15:01:30 ............................... ~ 1s
  2026-03-27 15:02:00 ............................... ~ 1s
  2026-03-27 15:02:30 ............................... ~ 1s
  2026-03-27 15:03:00 ............................... ~ 1s
  2026-03-27 15:03:30 ............................... ~ 1s
  2026-03-27 15:04:00 ............................... ~ 1s
  2026-03-27 15:04:30 ............................... ~ 1s
  2026-03-27 15:05:00 ............................... ~ 1s
  2026-03-27 15:05:30 ............................... ~ 1s
  2026-03-27 15:05:45 ............................... ~ 0s
  2026-03-27 15:05:45 ............................... ~ 0s
  2026-03-27 15:05:45 ............................... ~ 0s
  2026-03-27 15:05:45 /css/login.css ................ ~ 0s
  2026-03-27 15:05:45 /css/LOGO_login.svg ........... ~ 0s
  2026-03-27 15:05:45 /css/FONDO_login.png .......... ~ 0s
  2026-03-27 15:05:45 /favicon.ico .................. ~ 0s
  2026-03-27 15:05:52 ............................... ~ 0s
  2026-03-27 15:05:52 ............................... ~ 0s
  2026-03-27 15:05:52 /css/login.css ................ ~ 0s
  2026-03-27 15:05:52 /css/LOGO_login.svg ........... ~ 0s
  2026-03-27 15:05:52 /css/FONDO_login.png .......... ~ 0s
  2026-03-27 15:05:52 /favicon.ico .................. ~ 0s
